createdb /var/lib/cwl/stg9a8df5fe-d1b3-4c63-b196-bf45d399068c/UP000005640_9606_HUMAN_v6.tar human_proteome_v6 --input-format 2 --write-mapping 1 --threads 16 

MMseqs Version:             	10.941cd33
Use GPU                     	0
Path to ProstT5             	
Chain name mode             	0
Createdb extraction mode    	0
Interface distance threshold	8
Write mapping file          	1
Mask b-factor threshold     	0
Coord store mode            	2
Write lookup file           	1
Input format                	2
File Inclusion Regex        	.*
File Exclusion Regex        	^$
Threads                     	16
Verbosity                   	3

Output file: human_proteome_v6
[=================================================================] 1 0s 0ms
Time for merging to human_proteome_v6_ss: 0h 0m 0s 12ms
Time for merging to human_proteome_v6_h: 0h 0m 0s 3ms
Time for merging to human_proteome_v6_ca: 0h 0m 0s 28ms
Time for merging to human_proteome_v6: 0h 0m 0s 7ms
Time for merging to human_proteome_v6_mapping_tmp: 0h 0m 0s 2ms
Reordering by identifier
Time for merging to human_proteome_v6_h: 0h 0m 0s 3ms
Time for merging to human_proteome_v6_ss: 0h 0m 0s 7ms
Time for merging to human_proteome_v6_ca: 0h 0m 0s 27ms
Time for merging to human_proteome_v6: 0h 0m 0s 7ms
Time for merging to human_proteome_v6_mapping_tmp: 0h 0m 0s 3ms
Ignore 23586 out of 23586.
Too short: 0, incorrect: 23586, not proteins: 0.
Time for processing: 0h 0m 24s 696ms
